# Logfile created on 2016-05-15 12:32:49 -0700 by logger.rb/47272
I [2016-05-15 12:32:49.234] [[32mSynchronization[0m] Server Registered: IO6HqICLLrFeXtgCu2ZQWw
I [2016-05-15 12:41:27.104] [[32mSynchronization[0m] Server Removed: IO6HqICLLrFeXtgCu2ZQWw
I [2016-05-15 12:41:27.155] [[32mSynchronization[0m] Server Removed: IO6HqICLLrFeXtgCu2ZQWw
I [2016-05-15 12:41:27.164] [[32mSynchronization[0m] Server Removed: IO6HqICLLrFeXtgCu2ZQWw
I [2016-05-15 12:41:27.170] [[32mSynchronization[0m] Server Removed: IO6HqICLLrFeXtgCu2ZQWw
I [2016-05-15 12:42:26.150] [[32mSynchronization[0m] Server Registered: bP0kyoOoc1v7CfKI_vbsPQ
I [2016-05-15 12:53:08.607] [[32mSynchronization[0m] Server Registered: LHPInocJ5Sx27EQJUD9Jvw
I [2016-05-15 12:55:12.230] [[32mSynchronization[0m] Server Removed: LHPInocJ5Sx27EQJUD9Jvw
I [2016-05-15 12:55:12.232] [[32mSynchronization[0m] Server Removed: LHPInocJ5Sx27EQJUD9Jvw
I [2016-05-15 12:59:27.212] [[32mSynchronization[0m] Server Registered: jsshlg9kytHgejG5SElu0w
I [2016-05-15 12:59:32.219] [[32mSynchronization[0m] Server Removed: jsshlg9kytHgejG5SElu0w
I [2016-05-16 12:58:23.704] [[32mSynchronization[0m] Server Registered: 2oJUN57zKtOFd-zGRA5lbg
I [2016-05-16 12:58:28.711] [[32mSynchronization[0m] Server Removed: 2oJUN57zKtOFd-zGRA5lbg
I [2016-05-16 13:02:36.201] [[32mSynchronization[0m] Server Registered: rieFoaVtfD5JWaGzXUTyKQ
I [2016-05-16 13:20:26.253] [[32mSynchronization[0m] Server Registered: kQ1L-tsBv4VdkF7zq6tJcA
I [2016-05-16 13:21:01.468] [[32mSynchronization[0m] Server Removed: kQ1L-tsBv4VdkF7zq6tJcA
I [2016-05-16 13:21:01.470] [[32mSynchronization[0m] Server Removed: kQ1L-tsBv4VdkF7zq6tJcA
I [2016-05-16 13:24:27.460] [[32mSynchronization[0m] Server Registered: ZY5b-Q6ywQrDvpkH3rBM2w
I [2016-05-16 13:25:56.251] [[32mSynchronization[0m] Server Registered: Ri2d_vDiOOZMhlgKPInDAA
I [2016-05-16 14:44:15.281] [[32mSynchronization[0m] Server Removed: Ri2d_vDiOOZMhlgKPInDAA
I [2016-05-16 14:44:15.295] [[32mSynchronization[0m] Server Removed: Ri2d_vDiOOZMhlgKPInDAA
I [2016-05-17 11:08:02.475] [[32mSynchronization[0m] Server Registered: nPwVa3P7Ytua3K7nvp8Hsg
I [2016-05-17 11:09:04.333] [[32mSynchronization[0m] Server Registered: 3QiJiLoxNde8Clx_Db7-4A
I [2016-05-17 12:36:07.870] [[32mSynchronization[0m] Server Registered: Jx5kz6VW15lTBJKbqbkufg
I [2016-05-17 19:41:44.672] [[32mSynchronization[0m] Server Removed: Jx5kz6VW15lTBJKbqbkufg
I [2016-05-17 19:41:44.674] [[32mSynchronization[0m] Server Removed: Jx5kz6VW15lTBJKbqbkufg
